#
# There is insufficient memory for the Java Runtime Environment to continue.
# Native memory allocation (malloc) failed to allocate 814336 bytes for Chunk::new
# Possible reasons:
#   The system is out of physical RAM or swap space
#   The process is running with CompressedOops enabled, and the Java Heap may be blocking the growth of the native heap
# Possible solutions:
#   Reduce memory load on the system
#   Increase physical memory or swap space
#   Check if swap backing store is full
#   Decrease Java heap size (-Xmx/-Xms)
#   Decrease number of Java threads
#   Decrease Java thread stack sizes (-Xss)
#   Set larger code cache with -XX:ReservedCodeCacheSize=
#   JVM is running with Zero Based Compressed Oops mode in which the Java heap is
#     placed in the first 32GB address space. The Java Heap base address is the
#     maximum limit for the native heap growth. Please use -XX:HeapBaseMinAddress
#     to set the Java Heap base and to place the Java Heap above 32GB virtual address.
# This output file may be truncated or incomplete.
#
#  Out of Memory Error (arena.cpp:189), pid=66800, tid=9552
#
# JRE version: OpenJDK Runtime Environment Temurin-17.0.7+7 (17.0.7+7) (build 17.0.7+7)
# Java VM: OpenJDK 64-Bit Server VM Temurin-17.0.7+7 (17.0.7+7, mixed mode, tiered, compressed oops, compressed class ptrs, g1 gc, windows-amd64)
# No core dump will be written. Minidumps are not enabled by default on client versions of Windows
#

---------------  S U M M A R Y ------------

Command Line: -ea -Dfile.encoding=UTF-8 -XX:+ShowCodeDetailsInExceptionMessages org.eclipse.jdt.internal.junit.runner.RemoteTestRunner -version 3 -port 62004 -testLoaderClass org.eclipse.jdt.internal.junit5.runner.JUnit5TestLoader -loaderpluginname org.eclipse.jdt.junit5.runtime -classNames rositabongiovanni.java_W6_Day3.JavaW6Day3ApplicationTests

Host: Intel(R) Core(TM) i7-9750H CPU @ 2.60GHz, 12 cores, 15G,  Windows 11 , 64 bit Build 22621 (10.0.22621.1928)
Time: Wed Aug  2 22:36:19 2023 ora legale Europa occidentale elapsed time: 1.243652 seconds (0d 0h 0m 1s)

---------------  T H R E A D  ---------------

Current thread (0x000001da28a57b40):  JavaThread "C2 CompilerThread1" daemon [_thread_in_native, id=9552, stack(0x0000005ebcd00000,0x0000005ebce00000)]


Current CompileTask:
C2:   1243 1350       4       jdk.internal.org.objectweb.asm.Frame::execute (2305 bytes)

Stack: [0x0000005ebcd00000,0x0000005ebce00000]
Native frames: (J=compiled Java code, j=interpreted, Vv=VM code, C=native code)
V  [jvm.dll+0x67754a]
V  [jvm.dll+0x834304]
V  [jvm.dll+0x835aae]
V  [jvm.dll+0x836113]
V  [jvm.dll+0x24696f]
V  [jvm.dll+0xac0ac]
V  [jvm.dll+0xac67c]
V  [jvm.dll+0x2adbef]
V  [jvm.dll+0x580067]
V  [jvm.dll+0x221e72]
V  [jvm.dll+0x21b152]
V  [jvm.dll+0x21895b]
V  [jvm.dll+0x1a4d8d]
V  [jvm.dll+0x2284da]
V  [jvm.dll+0x226615]
V  [jvm.dll+0x7ea90b]
V  [jvm.dll+0x7e4e7a]
V  [jvm.dll+0x676395]
C  [ucrtbase.dll+0x29363]
C  [KERNEL32.DLL+0x126ad]
C  [ntdll.dll+0x5aa68]


---------------  P R O C E S S  ---------------

Threads class SMR info:
_java_thread_list=0x000001da28c4d160, length=14, elements={
0x000001da0916d770, 0x000001da281d4020, 0x000001da281d4ae0, 0x000001da281fa280,
0x000001da281fac40, 0x000001da281fd610, 0x000001da281fded0, 0x000001da2820c2a0,
0x000001da2820d470, 0x000001da28216540, 0x000001da2836e0f0, 0x000001da2838d860,
0x000001da28a57b40, 0x000001da28c1f550
}

Java Threads: ( => current thread )
  0x000001da0916d770 JavaThread "main" [_thread_in_vm, id=48776, stack(0x0000005ebba00000,0x0000005ebbb00000)]
  0x000001da281d4020 JavaThread "Reference Handler" daemon [_thread_blocked, id=44752, stack(0x0000005ebc100000,0x0000005ebc200000)]
  0x000001da281d4ae0 JavaThread "Finalizer" daemon [_thread_blocked, id=48784, stack(0x0000005ebc200000,0x0000005ebc300000)]
  0x000001da281fa280 JavaThread "Signal Dispatcher" daemon [_thread_blocked, id=49228, stack(0x0000005ebc300000,0x0000005ebc400000)]
  0x000001da281fac40 JavaThread "Attach Listener" daemon [_thread_blocked, id=63876, stack(0x0000005ebc400000,0x0000005ebc500000)]
  0x000001da281fd610 JavaThread "Service Thread" daemon [_thread_blocked, id=47004, stack(0x0000005ebc500000,0x0000005ebc600000)]
  0x000001da281fded0 JavaThread "Monitor Deflation Thread" daemon [_thread_blocked, id=76988, stack(0x0000005ebc600000,0x0000005ebc700000)]
  0x000001da2820c2a0 JavaThread "C2 CompilerThread0" daemon [_thread_in_native, id=43436, stack(0x0000005ebc700000,0x0000005ebc800000)]
  0x000001da2820d470 JavaThread "C1 CompilerThread0" daemon [_thread_blocked, id=50956, stack(0x0000005ebc800000,0x0000005ebc900000)]
  0x000001da28216540 JavaThread "Sweeper thread" daemon [_thread_blocked, id=63648, stack(0x0000005ebc900000,0x0000005ebca00000)]
  0x000001da2836e0f0 JavaThread "Notification Thread" daemon [_thread_blocked, id=58520, stack(0x0000005ebca00000,0x0000005ebcb00000)]
  0x000001da2838d860 JavaThread "Common-Cleaner" daemon [_thread_blocked, id=64068, stack(0x0000005ebcc00000,0x0000005ebcd00000)]
=>0x000001da28a57b40 JavaThread "C2 CompilerThread1" daemon [_thread_in_native, id=9552, stack(0x0000005ebcd00000,0x0000005ebce00000)]
  0x000001da28c1f550 JavaThread "ReaderThread" [_thread_in_native, id=69480, stack(0x0000005ebce00000,0x0000005ebcf00000)]

Other Threads:
  0x000001da281b1300 VMThread "VM Thread" [stack: 0x0000005ebc000000,0x0000005ebc100000] [id=57320]
  0x000001da091fc010 WatcherThread [stack: 0x0000005ebcb00000,0x0000005ebcc00000] [id=38960]
  0x000001da091deab0 GCTaskThread "GC Thread#0" [stack: 0x0000005ebbb00000,0x0000005ebbc00000] [id=68008]
  0x000001da2d1c3b00 GCTaskThread "GC Thread#1" [stack: 0x0000005ebcf00000,0x0000005ebd000000] [id=49820]
  0x000001da2d08f030 GCTaskThread "GC Thread#2" [stack: 0x0000005ebd000000,0x0000005ebd100000] [id=20824]
  0x000001da2d08f2e0 GCTaskThread "GC Thread#3" [stack: 0x0000005ebd100000,0x0000005ebd200000] [id=45988]
  0x000001da2d08f590 GCTaskThread "GC Thread#4" [stack: 0x0000005ebd200000,0x0000005ebd300000] [id=15436]
  0x000001da2d08f840 GCTaskThread "GC Thread#5" [stack: 0x0000005ebd300000,0x0000005ebd400000] [id=8308]
  0x000001da091f01d0 ConcurrentGCThread "G1 Main Marker" [stack: 0x0000005ebbc00000,0x0000005ebbd00000] [id=62404]
  0x000001da091f0be0 ConcurrentGCThread "G1 Conc#0" [stack: 0x0000005ebbd00000,0x0000005ebbe00000] [id=66984]
  0x000001da28001620 ConcurrentGCThread "G1 Refine#0" [stack: 0x0000005ebbe00000,0x0000005ebbf00000] [id=39708]
  0x000001da28003200 ConcurrentGCThread "G1 Service" [stack: 0x0000005ebbf00000,0x0000005ebc000000] [id=61500]

Threads with active compile tasks:
C2 CompilerThread0     1274 1389       4       jdk.internal.loader.URLClassPath::getResource (74 bytes)
C2 CompilerThread1     1274 1350       4       jdk.internal.org.objectweb.asm.Frame::execute (2305 bytes)

VM state: not at safepoint (normal execution)

VM Mutex/Monitor currently owned by a thread:  ([mutex/lock_event])
[0x000001da06ec17e0] Metaspace_lock - owner thread: 0x000001da0916d770

Heap address: 0x0000000701e00000, size: 4066 MB, Compressed Oops mode: Zero based, Oop shift amount: 3

CDS archive(s) not mapped
Compressed class space mapped at: 0x0000000800000000-0x0000000840000000, reserved size: 1073741824
Narrow klass base: 0x0000000800000000, Narrow klass shift: 0, Narrow klass range: 0x40000000

GC Precious Log:
 CPUs: 12 total, 12 available
 Memory: 16263M
 Large Page Support: Disabled
 NUMA Support: Disabled
 Compressed Oops: Enabled (Zero based)
 Heap Region Size: 2M
 Heap Min Capacity: 8M
 Heap Initial Capacity: 256M
 Heap Max Capacity: 4066M
 Pre-touch: Disabled
 Parallel Workers: 10
 Concurrent Workers: 3
 Concurrent Refinement Workers: 10
 Periodic GC: Disabled

Heap:
 garbage-first heap   total 262144K, used 22643K [0x0000000701e00000, 0x0000000800000000)
  region size 2048K, 11 young (22528K), 2 survivors (4096K)
 Metaspace       used 17710K, committed 17856K, reserved 1114112K
  class space    used 1931K, committed 1984K, reserved 1048576K

Heap Regions: E=young(eden), S=young(survivor), O=old, HS=humongous(starts), HC=humongous(continues), CS=collection set, F=free, OA=open archive, CA=closed archive, TAMS=top-at-mark-start (previous, next)
|   0|0x0000000701e00000, 0x0000000702000000, 0x0000000702000000|100%| O|  |TAMS 0x0000000701e00000, 0x0000000701e00000| Untracked 
|   1|0x0000000702000000, 0x000000070201cc00, 0x0000000702200000|  5%| O|  |TAMS 0x0000000702000000, 0x0000000702000000| Untracked 
|   2|0x0000000702200000, 0x0000000702200000, 0x0000000702400000|  0%| F|  |TAMS 0x0000000702200000, 0x0000000702200000| Untracked 
|   3|0x0000000702400000, 0x0000000702400000, 0x0000000702600000|  0%| F|  |TAMS 0x0000000702400000, 0x0000000702400000| Untracked 
|   4|0x0000000702600000, 0x0000000702600000, 0x0000000702800000|  0%| F|  |TAMS 0x0000000702600000, 0x0000000702600000| Untracked 
|   5|0x0000000702800000, 0x0000000702800000, 0x0000000702a00000|  0%| F|  |TAMS 0x0000000702800000, 0x0000000702800000| Untracked 
|   6|0x0000000702a00000, 0x0000000702a00000, 0x0000000702c00000|  0%| F|  |TAMS 0x0000000702a00000, 0x0000000702a00000| Untracked 
|   7|0x0000000702c00000, 0x0000000702c00000, 0x0000000702e00000|  0%| F|  |TAMS 0x0000000702c00000, 0x0000000702c00000| Untracked 
|   8|0x0000000702e00000, 0x0000000702e00000, 0x0000000703000000|  0%| F|  |TAMS 0x0000000702e00000, 0x0000000702e00000| Untracked 
|   9|0x0000000703000000, 0x0000000703000000, 0x0000000703200000|  0%| F|  |TAMS 0x0000000703000000, 0x0000000703000000| Untracked 
|  10|0x0000000703200000, 0x0000000703200000, 0x0000000703400000|  0%| F|  |TAMS 0x0000000703200000, 0x0000000703200000| Untracked 
|  11|0x0000000703400000, 0x0000000703400000, 0x0000000703600000|  0%| F|  |TAMS 0x0000000703400000, 0x0000000703400000| Untracked 
|  12|0x0000000703600000, 0x0000000703600000, 0x0000000703800000|  0%| F|  |TAMS 0x0000000703600000, 0x0000000703600000| Untracked 
|  13|0x0000000703800000, 0x0000000703800000, 0x0000000703a00000|  0%| F|  |TAMS 0x0000000703800000, 0x0000000703800000| Untracked 
|  14|0x0000000703a00000, 0x0000000703a00000, 0x0000000703c00000|  0%| F|  |TAMS 0x0000000703a00000, 0x0000000703a00000| Untracked 
|  15|0x0000000703c00000, 0x0000000703c00000, 0x0000000703e00000|  0%| F|  |TAMS 0x0000000703c00000, 0x0000000703c00000| Untracked 
|  16|0x0000000703e00000, 0x0000000703e00000, 0x0000000704000000|  0%| F|  |TAMS 0x0000000703e00000, 0x0000000703e00000| Untracked 
|  17|0x0000000704000000, 0x0000000704000000, 0x0000000704200000|  0%| F|  |TAMS 0x0000000704000000, 0x0000000704000000| Untracked 
|  18|0x0000000704200000, 0x0000000704200000, 0x0000000704400000|  0%| F|  |TAMS 0x0000000704200000, 0x0000000704200000| Untracked 
|  19|0x0000000704400000, 0x0000000704400000, 0x0000000704600000|  0%| F|  |TAMS 0x0000000704400000, 0x0000000704400000| Untracked 
|  20|0x0000000704600000, 0x0000000704600000, 0x0000000704800000|  0%| F|  |TAMS 0x0000000704600000, 0x0000000704600000| Untracked 
|  21|0x0000000704800000, 0x0000000704800000, 0x0000000704a00000|  0%| F|  |TAMS 0x0000000704800000, 0x0000000704800000| Untracked 
|  22|0x0000000704a00000, 0x0000000704a00000, 0x0000000704c00000|  0%| F|  |TAMS 0x0000000704a00000, 0x0000000704a00000| Untracked 
|  23|0x0000000704c00000, 0x0000000704c00000, 0x0000000704e00000|  0%| F|  |TAMS 0x0000000704c00000, 0x0000000704c00000| Untracked 
|  24|0x0000000704e00000, 0x0000000704e00000, 0x0000000705000000|  0%| F|  |TAMS 0x0000000704e00000, 0x0000000704e00000| Untracked 
|  25|0x0000000705000000, 0x0000000705000000, 0x0000000705200000|  0%| F|  |TAMS 0x0000000705000000, 0x0000000705000000| Untracked 
|  26|0x0000000705200000, 0x0000000705200000, 0x0000000705400000|  0%| F|  |TAMS 0x0000000705200000, 0x0000000705200000| Untracked 
|  27|0x0000000705400000, 0x0000000705400000, 0x0000000705600000|  0%| F|  |TAMS 0x0000000705400000, 0x0000000705400000| Untracked 
|  28|0x0000000705600000, 0x0000000705600000, 0x0000000705800000|  0%| F|  |TAMS 0x0000000705600000, 0x0000000705600000| Untracked 
|  29|0x0000000705800000, 0x0000000705800000, 0x0000000705a00000|  0%| F|  |TAMS 0x0000000705800000, 0x0000000705800000| Untracked 
|  30|0x0000000705a00000, 0x0000000705a00000, 0x0000000705c00000|  0%| F|  |TAMS 0x0000000705a00000, 0x0000000705a00000| Untracked 
|  31|0x0000000705c00000, 0x0000000705c00000, 0x0000000705e00000|  0%| F|  |TAMS 0x0000000705c00000, 0x0000000705c00000| Untracked 
|  32|0x0000000705e00000, 0x0000000705e00000, 0x0000000706000000|  0%| F|  |TAMS 0x0000000705e00000, 0x0000000705e00000| Untracked 
|  33|0x0000000706000000, 0x0000000706000000, 0x0000000706200000|  0%| F|  |TAMS 0x0000000706000000, 0x0000000706000000| Untracked 
|  34|0x0000000706200000, 0x0000000706200000, 0x0000000706400000|  0%| F|  |TAMS 0x0000000706200000, 0x0000000706200000| Untracked 
|  35|0x0000000706400000, 0x0000000706400000, 0x0000000706600000|  0%| F|  |TAMS 0x0000000706400000, 0x0000000706400000| Untracked 
|  36|0x0000000706600000, 0x0000000706600000, 0x0000000706800000|  0%| F|  |TAMS 0x0000000706600000, 0x0000000706600000| Untracked 
|  37|0x0000000706800000, 0x0000000706800000, 0x0000000706a00000|  0%| F|  |TAMS 0x0000000706800000, 0x0000000706800000| Untracked 
|  38|0x0000000706a00000, 0x0000000706a00000, 0x0000000706c00000|  0%| F|  |TAMS 0x0000000706a00000, 0x0000000706a00000| Untracked 
|  39|0x0000000706c00000, 0x0000000706c00000, 0x0000000706e00000|  0%| F|  |TAMS 0x0000000706c00000, 0x0000000706c00000| Untracked 
|  40|0x0000000706e00000, 0x0000000706e00000, 0x0000000707000000|  0%| F|  |TAMS 0x0000000706e00000, 0x0000000706e00000| Untracked 
|  41|0x0000000707000000, 0x0000000707000000, 0x0000000707200000|  0%| F|  |TAMS 0x0000000707000000, 0x0000000707000000| Untracked 
|  42|0x0000000707200000, 0x0000000707200000, 0x0000000707400000|  0%| F|  |TAMS 0x0000000707200000, 0x0000000707200000| Untracked 
|  43|0x0000000707400000, 0x0000000707400000, 0x0000000707600000|  0%| F|  |TAMS 0x0000000707400000, 0x0000000707400000| Untracked 
|  44|0x0000000707600000, 0x0000000707600000, 0x0000000707800000|  0%| F|  |TAMS 0x0000000707600000, 0x0000000707600000| Untracked 
|  45|0x0000000707800000, 0x0000000707800000, 0x0000000707a00000|  0%| F|  |TAMS 0x0000000707800000, 0x0000000707800000| Untracked 
|  46|0x0000000707a00000, 0x0000000707a00000, 0x0000000707c00000|  0%| F|  |TAMS 0x0000000707a00000, 0x0000000707a00000| Untracked 
|  47|0x0000000707c00000, 0x0000000707c00000, 0x0000000707e00000|  0%| F|  |TAMS 0x0000000707c00000, 0x0000000707c00000| Untracked 
|  48|0x0000000707e00000, 0x0000000707e00000, 0x0000000708000000|  0%| F|  |TAMS 0x0000000707e00000, 0x0000000707e00000| Untracked 
|  49|0x0000000708000000, 0x0000000708000000, 0x0000000708200000|  0%| F|  |TAMS 0x0000000708000000, 0x0000000708000000| Untracked 
|  50|0x0000000708200000, 0x0000000708200000, 0x0000000708400000|  0%| F|  |TAMS 0x0000000708200000, 0x0000000708200000| Untracked 
|  51|0x0000000708400000, 0x0000000708400000, 0x0000000708600000|  0%| F|  |TAMS 0x0000000708400000, 0x0000000708400000| Untracked 
|  52|0x0000000708600000, 0x0000000708600000, 0x0000000708800000|  0%| F|  |TAMS 0x0000000708600000, 0x0000000708600000| Untracked 
|  53|0x0000000708800000, 0x0000000708800000, 0x0000000708a00000|  0%| F|  |TAMS 0x0000000708800000, 0x0000000708800000| Untracked 
|  54|0x0000000708a00000, 0x0000000708a00000, 0x0000000708c00000|  0%| F|  |TAMS 0x0000000708a00000, 0x0000000708a00000| Untracked 
|  55|0x0000000708c00000, 0x0000000708c00000, 0x0000000708e00000|  0%| F|  |TAMS 0x0000000708c00000, 0x0000000708c00000| Untracked 
|  56|0x0000000708e00000, 0x0000000708e00000, 0x0000000709000000|  0%| F|  |TAMS 0x0000000708e00000, 0x0000000708e00000| Untracked 
|  57|0x0000000709000000, 0x0000000709000000, 0x0000000709200000|  0%| F|  |TAMS 0x0000000709000000, 0x0000000709000000| Untracked 
|  58|0x0000000709200000, 0x0000000709200000, 0x0000000709400000|  0%| F|  |TAMS 0x0000000709200000, 0x0000000709200000| Untracked 
|  59|0x0000000709400000, 0x0000000709400000, 0x0000000709600000|  0%| F|  |TAMS 0x0000000709400000, 0x0000000709400000| Untracked 
|  60|0x0000000709600000, 0x0000000709600000, 0x0000000709800000|  0%| F|  |TAMS 0x0000000709600000, 0x0000000709600000| Untracked 
|  61|0x0000000709800000, 0x0000000709800000, 0x0000000709a00000|  0%| F|  |TAMS 0x0000000709800000, 0x0000000709800000| Untracked 
|  62|0x0000000709a00000, 0x0000000709a00000, 0x0000000709c00000|  0%| F|  |TAMS 0x0000000709a00000, 0x0000000709a00000| Untracked 
|  63|0x0000000709c00000, 0x0000000709c00000, 0x0000000709e00000|  0%| F|  |TAMS 0x0000000709c00000, 0x0000000709c00000| Untracked 
|  64|0x0000000709e00000, 0x0000000709e00000, 0x000000070a000000|  0%| F|  |TAMS 0x0000000709e00000, 0x0000000709e00000| Untracked 
|  65|0x000000070a000000, 0x000000070a000000, 0x000000070a200000|  0%| F|  |TAMS 0x000000070a000000, 0x000000070a000000| Untracked 
|  66|0x000000070a200000, 0x000000070a200000, 0x000000070a400000|  0%| F|  |TAMS 0x000000070a200000, 0x000000070a200000| Untracked 
|  67|0x000000070a400000, 0x000000070a400000, 0x000000070a600000|  0%| F|  |TAMS 0x000000070a400000, 0x000000070a400000| Untracked 
|  68|0x000000070a600000, 0x000000070a600000, 0x000000070a800000|  0%| F|  |TAMS 0x000000070a600000, 0x000000070a600000| Untracked 
|  69|0x000000070a800000, 0x000000070a800000, 0x000000070aa00000|  0%| F|  |TAMS 0x000000070a800000, 0x000000070a800000| Untracked 
|  70|0x000000070aa00000, 0x000000070aa00000, 0x000000070ac00000|  0%| F|  |TAMS 0x000000070aa00000, 0x000000070aa00000| Untracked 
|  71|0x000000070ac00000, 0x000000070ac00000, 0x000000070ae00000|  0%| F|  |TAMS 0x000000070ac00000, 0x000000070ac00000| Untracked 
|  72|0x000000070ae00000, 0x000000070ae00000, 0x000000070b000000|  0%| F|  |TAMS 0x000000070ae00000, 0x000000070ae00000| Untracked 
|  73|0x000000070b000000, 0x000000070b000000, 0x000000070b200000|  0%| F|  |TAMS 0x000000070b000000, 0x000000070b000000| Untracked 
|  74|0x000000070b200000, 0x000000070b200000, 0x000000070b400000|  0%| F|  |TAMS 0x000000070b200000, 0x000000070b200000| Untracked 
|  75|0x000000070b400000, 0x000000070b400000, 0x000000070b600000|  0%| F|  |TAMS 0x000000070b400000, 0x000000070b400000| Untracked 
|  76|0x000000070b600000, 0x000000070b600000, 0x000000070b800000|  0%| F|  |TAMS 0x000000070b600000, 0x000000070b600000| Untracked 
|  77|0x000000070b800000, 0x000000070b800000, 0x000000070ba00000|  0%| F|  |TAMS 0x000000070b800000, 0x000000070b800000| Untracked 
|  78|0x000000070ba00000, 0x000000070ba00000, 0x000000070bc00000|  0%| F|  |TAMS 0x000000070ba00000, 0x000000070ba00000| Untracked 
|  79|0x000000070bc00000, 0x000000070bc00000, 0x000000070be00000|  0%| F|  |TAMS 0x000000070bc00000, 0x000000070bc00000| Untracked 
|  80|0x000000070be00000, 0x000000070be00000, 0x000000070c000000|  0%| F|  |TAMS 0x000000070be00000, 0x000000070be00000| Untracked 
|  81|0x000000070c000000, 0x000000070c000000, 0x000000070c200000|  0%| F|  |TAMS 0x000000070c000000, 0x000000070c000000| Untracked 
|  82|0x000000070c200000, 0x000000070c200000, 0x000000070c400000|  0%| F|  |TAMS 0x000000070c200000, 0x000000070c200000| Untracked 
|  83|0x000000070c400000, 0x000000070c400000, 0x000000070c600000|  0%| F|  |TAMS 0x000000070c400000, 0x000000070c400000| Untracked 
|  84|0x000000070c600000, 0x000000070c600000, 0x000000070c800000|  0%| F|  |TAMS 0x000000070c600000, 0x000000070c600000| Untracked 
|  85|0x000000070c800000, 0x000000070c800000, 0x000000070ca00000|  0%| F|  |TAMS 0x000000070c800000, 0x000000070c800000| Untracked 
|  86|0x000000070ca00000, 0x000000070ca00000, 0x000000070cc00000|  0%| F|  |TAMS 0x000000070ca00000, 0x000000070ca00000| Untracked 
|  87|0x000000070cc00000, 0x000000070cc00000, 0x000000070ce00000|  0%| F|  |TAMS 0x000000070cc00000, 0x000000070cc00000| Untracked 
|  88|0x000000070ce00000, 0x000000070ce00000, 0x000000070d000000|  0%| F|  |TAMS 0x000000070ce00000, 0x000000070ce00000| Untracked 
|  89|0x000000070d000000, 0x000000070d000000, 0x000000070d200000|  0%| F|  |TAMS 0x000000070d000000, 0x000000070d000000| Untracked 
|  90|0x000000070d200000, 0x000000070d200000, 0x000000070d400000|  0%| F|  |TAMS 0x000000070d200000, 0x000000070d200000| Untracked 
|  91|0x000000070d400000, 0x000000070d400000, 0x000000070d600000|  0%| F|  |TAMS 0x000000070d400000, 0x000000070d400000| Untracked 
|  92|0x000000070d600000, 0x000000070d600000, 0x000000070d800000|  0%| F|  |TAMS 0x000000070d600000, 0x000000070d600000| Untracked 
|  93|0x000000070d800000, 0x000000070d800000, 0x000000070da00000|  0%| F|  |TAMS 0x000000070d800000, 0x000000070d800000| Untracked 
|  94|0x000000070da00000, 0x000000070da00000, 0x000000070dc00000|  0%| F|  |TAMS 0x000000070da00000, 0x000000070da00000| Untracked 
|  95|0x000000070dc00000, 0x000000070dc00000, 0x000000070de00000|  0%| F|  |TAMS 0x000000070dc00000, 0x000000070dc00000| Untracked 
|  96|0x000000070de00000, 0x000000070de00000, 0x000000070e000000|  0%| F|  |TAMS 0x000000070de00000, 0x000000070de00000| Untracked 
|  97|0x000000070e000000, 0x000000070e000000, 0x000000070e200000|  0%| F|  |TAMS 0x000000070e000000, 0x000000070e000000| Untracked 
|  98|0x000000070e200000, 0x000000070e200000, 0x000000070e400000|  0%| F|  |TAMS 0x000000070e200000, 0x000000070e200000| Untracked 
|  99|0x000000070e400000, 0x000000070e400000, 0x000000070e600000|  0%| F|  |TAMS 0x000000070e400000, 0x000000070e400000| Untracked 
| 100|0x000000070e600000, 0x000000070e600000, 0x000000070e800000|  0%| F|  |TAMS 0x000000070e600000, 0x000000070e600000| Untracked 
| 101|0x000000070e800000, 0x000000070e800000, 0x000000070ea00000|  0%| F|  |TAMS 0x000000070e800000, 0x000000070e800000| Untracked 
| 102|0x000000070ea00000, 0x000000070ea00000, 0x000000070ec00000|  0%| F|  |TAMS 0x000000070ea00000, 0x000000070ea00000| Untracked 
| 103|0x000000070ec00000, 0x000000070ec00000, 0x000000070ee00000|  0%| F|  |TAMS 0x000000070ec00000, 0x000000070ec00000| Untracked 
| 104|0x000000070ee00000, 0x000000070ee00000, 0x000000070f000000|  0%| F|  |TAMS 0x000000070ee00000, 0x000000070ee00000| Untracked 
| 105|0x000000070f000000, 0x000000070f000000, 0x000000070f200000|  0%| F|  |TAMS 0x000000070f000000, 0x000000070f000000| Untracked 
| 106|0x000000070f200000, 0x000000070f200000, 0x000000070f400000|  0%| F|  |TAMS 0x000000070f200000, 0x000000070f200000| Untracked 
| 107|0x000000070f400000, 0x000000070f400000, 0x000000070f600000|  0%| F|  |TAMS 0x000000070f400000, 0x000000070f400000| Untracked 
| 108|0x000000070f600000, 0x000000070f600000, 0x000000070f800000|  0%| F|  |TAMS 0x000000070f600000, 0x000000070f600000| Untracked 
| 109|0x000000070f800000, 0x000000070f800000, 0x000000070fa00000|  0%| F|  |TAMS 0x000000070f800000, 0x000000070f800000| Untracked 
| 110|0x000000070fa00000, 0x000000070fa00000, 0x000000070fc00000|  0%| F|  |TAMS 0x000000070fa00000, 0x000000070fa00000| Untracked 
| 111|0x000000070fc00000, 0x000000070fc00000, 0x000000070fe00000|  0%| F|  |TAMS 0x000000070fc00000, 0x000000070fc00000| Untracked 
| 112|0x000000070fe00000, 0x000000070fe00000, 0x0000000710000000|  0%| F|  |TAMS 0x000000070fe00000, 0x000000070fe00000| Untracked 
| 113|0x0000000710000000, 0x0000000710000000, 0x0000000710200000|  0%| F|  |TAMS 0x0000000710000000, 0x0000000710000000| Untracked 
| 114|0x0000000710200000, 0x0000000710200000, 0x0000000710400000|  0%| F|  |TAMS 0x0000000710200000, 0x0000000710200000| Untracked 
| 115|0x0000000710400000, 0x0000000710600000, 0x0000000710600000|100%| S|CS|TAMS 0x0000000710400000, 0x0000000710400000| Complete 
| 116|0x0000000710600000, 0x0000000710800000, 0x0000000710800000|100%| S|CS|TAMS 0x0000000710600000, 0x0000000710600000| Complete 
| 117|0x0000000710800000, 0x0000000710800000, 0x0000000710a00000|  0%| F|  |TAMS 0x0000000710800000, 0x0000000710800000| Untracked 
| 118|0x0000000710a00000, 0x0000000710a00000, 0x0000000710c00000|  0%| F|  |TAMS 0x0000000710a00000, 0x0000000710a00000| Untracked 
| 119|0x0000000710c00000, 0x0000000710d68eb8, 0x0000000710e00000| 70%| E|  |TAMS 0x0000000710c00000, 0x0000000710c00000| Complete 
| 120|0x0000000710e00000, 0x0000000711000000, 0x0000000711000000|100%| E|CS|TAMS 0x0000000710e00000, 0x0000000710e00000| Complete 
| 121|0x0000000711000000, 0x0000000711200000, 0x0000000711200000|100%| E|CS|TAMS 0x0000000711000000, 0x0000000711000000| Complete 
| 122|0x0000000711200000, 0x0000000711400000, 0x0000000711400000|100%| E|CS|TAMS 0x0000000711200000, 0x0000000711200000| Complete 
| 123|0x0000000711400000, 0x0000000711600000, 0x0000000711600000|100%| E|CS|TAMS 0x0000000711400000, 0x0000000711400000| Complete 
| 124|0x0000000711600000, 0x0000000711800000, 0x0000000711800000|100%| E|CS|TAMS 0x0000000711600000, 0x0000000711600000| Complete 
| 125|0x0000000711800000, 0x0000000711a00000, 0x0000000711a00000|100%| E|CS|TAMS 0x0000000711800000, 0x0000000711800000| Complete 
| 126|0x0000000711a00000, 0x0000000711c00000, 0x0000000711c00000|100%| E|CS|TAMS 0x0000000711a00000, 0x0000000711a00000| Complete 
| 127|0x0000000711c00000, 0x0000000711e00000, 0x0000000711e00000|100%| E|CS|TAMS 0x0000000711c00000, 0x0000000711c00000| Complete 

Card table byte_map: [0x000001da1c560000,0x000001da1cd60000] _byte_map_base: 0x000001da18d51000

Marking Bits (Prev, Next): (CMBitMap*) 0x000001da091df0c0, (CMBitMap*) 0x000001da091df100
 Prev Bits: [0x000001da1d560000, 0x000001da214e8000)
 Next Bits: [0x000001da214f0000, 0x000001da25478000)

Polling page: 0x000001da070e0000

Metaspace:

Usage:
  Non-class:     15.41 MB used.
      Class:      1.89 MB used.
       Both:     17.30 MB used.

Virtual space:
  Non-class space:       64.00 MB reserved,      15.50 MB ( 24%) committed,  1 nodes.
      Class space:        1.00 GB reserved,       1.94 MB ( <1%) committed,  1 nodes.
             Both:        1.06 GB reserved,      17.44 MB (  2%) committed. 

Chunk freelists:
   Non-Class:  464.00 KB
       Class:  13.86 MB
        Both:  14.31 MB

MaxMetaspaceSize: unlimited
CompressedClassSpaceSize: 1.00 GB
Initial GC threshold: 21.00 MB
Current GC threshold: 21.00 MB
CDS: off
MetaspaceReclaimPolicy: balanced
 - commit_granule_bytes: 65536.
 - commit_granule_words: 8192.
 - virtual_space_node_default_size: 8388608.
 - enlarge_chunks_in_place: 1.
 - new_chunks_are_fully_committed: 0.
 - uncommit_free_chunks: 1.
 - use_allocation_guard: 0.
 - handle_deallocations: 1.


Internal statistics:

num_allocs_failed_limit: 0.
num_arena_births: 142.
num_arena_deaths: 0.
num_vsnodes_births: 2.
num_vsnodes_deaths: 0.
num_space_committed: 279.
num_space_uncommitted: 0.
num_chunks_returned_to_freelist: 0.
num_chunks_taken_from_freelist: 501.
num_chunk_merges: 0.
num_chunk_splits: 288.
num_chunks_enlarged: 194.
num_inconsistent_stats: 0.

CodeHeap 'non-profiled nmethods': size=120000Kb used=524Kb max_used=524Kb free=119475Kb
 bounds [0x000001da142e0000, 0x000001da14550000, 0x000001da1b810000]
CodeHeap 'profiled nmethods': size=120000Kb used=2785Kb max_used=2785Kb free=117214Kb
 bounds [0x000001da0c810000, 0x000001da0cad0000, 0x000001da13d40000]
CodeHeap 'non-nmethods': size=5760Kb used=1167Kb max_used=1226Kb free=4593Kb
 bounds [0x000001da13d40000, 0x000001da13fb0000, 0x000001da142e0000]
 total_blobs=1866 nmethods=1405 adapters=374
 compilation: enabled
              stopped_count=0, restarted_count=0
 full_count=0

Compilation events (20 events):
Event: 1.231 Thread 0x000001da2820d470 1387       3       sun.reflect.generics.tree.ClassTypeSignature::accept (8 bytes)
Event: 1.231 Thread 0x000001da2820d470 nmethod 1387 0x000001da0cabd890 code [0x000001da0cabda40, 0x000001da0cabdbc8]
Event: 1.231 Thread 0x000001da2820d470 1388       3       sun.reflect.generics.visitor.Reifier::visitClassTypeSignature (381 bytes)
Event: 1.231 Thread 0x000001da2820c2a0 nmethod 1374 0x000001da14361090 code [0x000001da14361280, 0x000001da14361b30]
Event: 1.231 Thread 0x000001da2820c2a0 1384       4       sun.reflect.generics.parser.SignatureParser::current (59 bytes)
Event: 1.233 Thread 0x000001da2820d470 nmethod 1388 0x000001da0cabdd10 code [0x000001da0cabe120, 0x000001da0cabfd48]
Event: 1.233 Thread 0x000001da2820c2a0 nmethod 1384 0x000001da14362110 code [0x000001da143622a0, 0x000001da143623a8]
Event: 1.233 Thread 0x000001da2820c2a0 1389       4       jdk.internal.loader.URLClassPath::getResource (74 bytes)
Event: 1.236 Thread 0x000001da2820d470 1390       3       java.util.Collections::singletonIterator (9 bytes)
Event: 1.237 Thread 0x000001da2820d470 nmethod 1390 0x000001da0cac0710 code [0x000001da0cac08c0, 0x000001da0cac0b38]
Event: 1.237 Thread 0x000001da2820d470 1391       3       java.util.Collections$1::<init> (15 bytes)
Event: 1.237 Thread 0x000001da2820d470 nmethod 1391 0x000001da0cac0c10 code [0x000001da0cac0da0, 0x000001da0cac0f78]
Event: 1.238 Thread 0x000001da2820d470 1392       3       java.lang.invoke.VarHandle::checkExactAccessMode (28 bytes)
Event: 1.239 Thread 0x000001da2820d470 nmethod 1392 0x000001da0cac1010 code [0x000001da0cac1240, 0x000001da0cac1c18]
Event: 1.239 Thread 0x000001da2820d470 1393       3       java.lang.invoke.VarForm::getMemberName (31 bytes)
Event: 1.239 Thread 0x000001da2820d470 nmethod 1393 0x000001da0cac2010 code [0x000001da0cac21c0, 0x000001da0cac2478]
Event: 1.239 Thread 0x000001da2820d470 1394       3       org.springframework.core.ResolvableType::forType (7 bytes)
Event: 1.239 Thread 0x000001da2820d470 nmethod 1394 0x000001da0cac2590 code [0x000001da0cac2720, 0x000001da0cac2848]
Event: 1.241 Thread 0x000001da2820d470 1395       3       org.springframework.util.ObjectUtils::nullSafeHashCode (174 bytes)
Event: 1.241 Thread 0x000001da2820d470 nmethod 1395 0x000001da0cac2910 code [0x000001da0cac2c40, 0x000001da0cac45a8]

GC Heap History (2 events):
Event: 0.925 GC heap before
{Heap before GC invocations=0 (full 0):
 garbage-first heap   total 262144K, used 20480K [0x0000000701e00000, 0x0000000800000000)
  region size 2048K, 11 young (22528K), 0 survivors (0K)
 Metaspace       used 12155K, committed 12288K, reserved 1114112K
  class space    used 1275K, committed 1344K, reserved 1048576K
}
Event: 0.931 GC heap after
{Heap after GC invocations=1 (full 0):
 garbage-first heap   total 262144K, used 6259K [0x0000000701e00000, 0x0000000800000000)
  region size 2048K, 2 young (4096K), 2 survivors (4096K)
 Metaspace       used 12155K, committed 12288K, reserved 1114112K
  class space    used 1275K, committed 1344K, reserved 1048576K
}

Dll operation events (5 events):
Event: 0.009 Loaded shared library C:\Users\rosit\.p2\pool\plugins\org.eclipse.justj.openjdk.hotspot.jre.full.win32.x86_64_17.0.7.v20230425-1502\jre\bin\java.dll
Event: 0.141 Loaded shared library C:\Users\rosit\.p2\pool\plugins\org.eclipse.justj.openjdk.hotspot.jre.full.win32.x86_64_17.0.7.v20230425-1502\jre\bin\net.dll
Event: 0.142 Loaded shared library C:\Users\rosit\.p2\pool\plugins\org.eclipse.justj.openjdk.hotspot.jre.full.win32.x86_64_17.0.7.v20230425-1502\jre\bin\nio.dll
Event: 0.148 Loaded shared library C:\Users\rosit\.p2\pool\plugins\org.eclipse.justj.openjdk.hotspot.jre.full.win32.x86_64_17.0.7.v20230425-1502\jre\bin\zip.dll
Event: 0.513 Loaded shared library C:\Users\rosit\.p2\pool\plugins\org.eclipse.justj.openjdk.hotspot.jre.full.win32.x86_64_17.0.7.v20230425-1502\jre\bin\jimage.dll

Deoptimization events (20 events):
Event: 1.121 Thread 0x000001da0916d770 DEOPT PACKING pc=0x000001da1434343c sp=0x0000005ebbafc9f0
Event: 1.121 Thread 0x000001da0916d770 DEOPT UNPACKING pc=0x000001da13d969a3 sp=0x0000005ebbafc910 mode 2
Event: 1.121 Thread 0x000001da0916d770 Uncommon trap: trap_request=0xffffff45 fr.pc=0x000001da14301b68 relative=0x0000000000000248
Event: 1.121 Thread 0x000001da0916d770 Uncommon trap: reason=unstable_if action=reinterpret pc=0x000001da14301b68 method=java.util.zip.ZipCoder.hash(Ljava/lang/String;)I @ 23 c2
Event: 1.121 Thread 0x000001da0916d770 DEOPT PACKING pc=0x000001da14301b68 sp=0x0000005ebbafc970
Event: 1.121 Thread 0x000001da0916d770 DEOPT UNPACKING pc=0x000001da13d969a3 sp=0x0000005ebbafc908 mode 2
Event: 1.122 Thread 0x000001da0916d770 Uncommon trap: trap_request=0xffffff45 fr.pc=0x000001da142eeb40 relative=0x0000000000000040
Event: 1.122 Thread 0x000001da0916d770 Uncommon trap: reason=unstable_if action=reinterpret pc=0x000001da142eeb40 method=sun.nio.fs.WindowsPathParser.isSlash(C)Z @ 9 c2
Event: 1.122 Thread 0x000001da0916d770 DEOPT PACKING pc=0x000001da142eeb40 sp=0x0000005ebbafcc20
Event: 1.122 Thread 0x000001da0916d770 DEOPT UNPACKING pc=0x000001da13d969a3 sp=0x0000005ebbafcba8 mode 2
Event: 1.147 Thread 0x000001da0916d770 Uncommon trap: trap_request=0xffffff45 fr.pc=0x000001da1432b134 relative=0x0000000000000314
Event: 1.147 Thread 0x000001da0916d770 Uncommon trap: reason=unstable_if action=reinterpret pc=0x000001da1432b134 method=jdk.internal.org.objectweb.asm.SymbolTable.put(Ljdk/internal/org/objectweb/asm/SymbolTable$Entry;)Ljdk/internal/org/objectweb/asm/SymbolTable$Entry; @ 13 c2
Event: 1.147 Thread 0x000001da0916d770 DEOPT PACKING pc=0x000001da1432b134 sp=0x0000005ebbafb970
Event: 1.147 Thread 0x000001da0916d770 DEOPT UNPACKING pc=0x000001da13d969a3 sp=0x0000005ebbafb8f0 mode 2
Event: 1.198 Thread 0x000001da0916d770 Uncommon trap: trap_request=0xffffff45 fr.pc=0x000001da14326838 relative=0x0000000000000098
Event: 1.198 Thread 0x000001da0916d770 Uncommon trap: reason=unstable_if action=reinterpret pc=0x000001da14326838 method=sun.reflect.generics.parser.SignatureParser.current()C @ 39 c2
Event: 1.198 Thread 0x000001da0916d770 DEOPT PACKING pc=0x000001da14326838 sp=0x0000005ebbafbb10
Event: 1.198 Thread 0x000001da0916d770 DEOPT UNPACKING pc=0x000001da13d969a3 sp=0x0000005ebbafbaa8 mode 2
Event: 1.229 Thread 0x000001da0916d770 DEOPT PACKING pc=0x000001da0c8fb87d sp=0x0000005ebbafc170
Event: 1.229 Thread 0x000001da0916d770 DEOPT UNPACKING pc=0x000001da13d97143 sp=0x0000005ebbafb5f8 mode 0

Classes unloaded (0 events):
No events

Classes redefined (0 events):
No events

Internal exceptions (20 events):
Event: 0.761 Thread 0x000001da0916d770 Exception <a 'java/lang/NoSuchMethodError'{0x0000000710c36588}: 'java.lang.Object java.lang.invoke.DirectMethodHandle$Holder.invokeStatic(java.lang.Object, java.lang.Object, int)'> (0x0000000710c36588) 
thrown [s\src\hotspot\share\interpreter\linkResolver.cpp, line 759]
Event: 0.768 Thread 0x000001da0916d770 Exception <a 'java/lang/NoSuchMethodError'{0x0000000710c89c70}: 'void java.lang.invoke.DirectMethodHandle$Holder.invokeSpecial(java.lang.Object, java.lang.Object, java.lang.Object, java.lang.Object, java.lang.Object)'> (0x0000000710c89c70) 
thrown [s\src\hotspot\share\interpreter\linkResolver.cpp, line 759]
Event: 0.821 Thread 0x000001da0916d770 Exception <a 'java/lang/NoSuchMethodError'{0x0000000710d45980}: 'void java.lang.invoke.DirectMethodHandle$Holder.invokeInterface(java.lang.Object, java.lang.Object, java.lang.Object, java.lang.Object)'> (0x0000000710d45980) 
thrown [s\src\hotspot\share\interpreter\linkResolver.cpp, line 759]
Event: 0.821 Thread 0x000001da0916d770 Exception <a 'java/lang/IncompatibleClassChangeError'{0x0000000710d492a8}: Found class java.lang.Object, but interface was expected> (0x0000000710d492a8) 
thrown [s\src\hotspot\share\interpreter\linkResolver.cpp, line 826]
Event: 0.824 Thread 0x000001da0916d770 Exception <a 'java/lang/NoSuchMethodError'{0x0000000710d72f08}: 'void java.lang.invoke.DirectMethodHandle$Holder.invokeStatic(java.lang.Object, java.lang.Object, java.lang.Object, java.lang.Object)'> (0x0000000710d72f08) 
thrown [s\src\hotspot\share\interpreter\linkResolver.cpp, line 759]
Event: 0.835 Thread 0x000001da0916d770 Exception <a 'java/lang/NoSuchMethodError'{0x0000000710dd4cb8}: 'int java.lang.invoke.DirectMethodHandle$Holder.invokeStatic(java.lang.Object, java.lang.Object, java.lang.Object, java.lang.Object)'> (0x0000000710dd4cb8) 
thrown [s\src\hotspot\share\interpreter\linkResolver.cpp, line 759]
Event: 0.835 Thread 0x000001da0916d770 Exception <a 'java/lang/NoSuchMethodError'{0x0000000710dd8638}: 'java.lang.Object java.lang.invoke.Invokers$Holder.invokeExact_MT(java.lang.Object, java.lang.Object, java.lang.Object, java.lang.Object, java.lang.Object, java.lang.Object)'> (0x0000000710dd8638) 
thrown [s\src\hotspot\share\interpreter\linkResolver.cpp, line 759]
Event: 0.836 Thread 0x000001da0916d770 Exception <a 'java/lang/NoSuchMethodError'{0x0000000710de83a8}: 'int java.lang.invoke.DirectMethodHandle$Holder.invokeStatic(java.lang.Object, java.lang.Object, java.lang.Object, java.lang.Object, java.lang.Object)'> (0x0000000710de83a8) 
thrown [s\src\hotspot\share\interpreter\linkResolver.cpp, line 759]
Event: 0.845 Thread 0x000001da0916d770 Exception <a 'java/lang/NoSuchMethodError'{0x0000000710a33a48}: 'void java.lang.invoke.DirectMethodHandle$Holder.invokeStaticInit(java.lang.Object)'> (0x0000000710a33a48) 
thrown [s\src\hotspot\share\interpreter\linkResolver.cpp, line 759]
Event: 0.869 Thread 0x000001da0916d770 Exception <a 'java/lang/NoSuchMethodError'{0x0000000710b41830}: 'int java.lang.invoke.DirectMethodHandle$Holder.invokeStaticInit(java.lang.Object, java.lang.Object)'> (0x0000000710b41830) 
thrown [s\src\hotspot\share\interpreter\linkResolver.cpp, line 759]
Event: 0.944 Thread 0x000001da0916d770 Exception <a 'java/lang/ClassNotFoundException'{0x0000000711c33cb8}: javax/smartcardio/CardPermission> (0x0000000711c33cb8) 
thrown [s\src\hotspot\share\classfile\systemDictionary.cpp, line 256]
Event: 0.946 Thread 0x000001da0916d770 Exception <a 'java/io/FileNotFoundException'{0x0000000711c429b8}> (0x0000000711c429b8) 
thrown [s\src\hotspot\share\prims\jni.cpp, line 516]
Event: 1.037 Thread 0x000001da0916d770 Exception <a 'java/lang/NoSuchMethodError'{0x00000007118b00d0}: 'int java.lang.invoke.DirectMethodHandle$Holder.invokeStaticInit(java.lang.Object, java.lang.Object, java.lang.Object)'> (0x00000007118b00d0) 
thrown [s\src\hotspot\share\interpreter\linkResolver.cpp, line 759]
Event: 1.050 Thread 0x000001da0916d770 Exception <a 'java/lang/NoSuchMethodError'{0x0000000711998680}: 'int java.lang.invoke.DirectMethodHandle$Holder.invokeInterface(java.lang.Object, java.lang.Object)'> (0x0000000711998680) 
thrown [s\src\hotspot\share\interpreter\linkResolver.cpp, line 759]
Event: 1.064 Thread 0x000001da0916d770 Exception <a 'java/lang/NoSuchMethodError'{0x0000000711670210}: 'void java.lang.invoke.DirectMethodHandle$Holder.invokeStaticInit(java.lang.Object, java.lang.Object)'> (0x0000000711670210) 
thrown [s\src\hotspot\share\interpreter\linkResolver.cpp, line 759]
Event: 1.068 Thread 0x000001da0916d770 Exception <a 'java/lang/NoSuchMethodError'{0x00000007116a3658}: 'java.lang.Object java.lang.invoke.DirectMethodHandle$Holder.invokeStatic(java.lang.Object, int, java.lang.Object)'> (0x00000007116a3658) 
thrown [s\src\hotspot\share\interpreter\linkResolver.cpp, line 759]
Event: 1.117 Thread 0x000001da0916d770 Exception <a 'java/lang/NoSuchMethodError'{0x0000000711560118}: 'int java.lang.invoke.DirectMethodHandle$Holder.invokeSpecial(java.lang.Object, java.lang.Object, java.lang.Object, java.lang.Object)'> (0x0000000711560118) 
thrown [s\src\hotspot\share\interpreter\linkResolver.cpp, line 759]
Event: 1.122 Thread 0x000001da0916d770 Exception <a 'java/lang/NoSuchMethodError'{0x000000071157f0c8}: 'int java.lang.invoke.DirectMethodHandle$Holder.invokeSpecial(java.lang.Object, java.lang.Object, java.lang.Object, java.lang.Object, java.lang.Object)'> (0x000000071157f0c8) 
thrown [s\src\hotspot\share\interpreter\linkResolver.cpp, line 759]
Event: 1.125 Thread 0x000001da0916d770 Exception <a 'java/lang/NoSuchMethodError'{0x00000007115883b0}: 'void java.lang.invoke.DirectMethodHandle$Holder.invokeVirtual(java.lang.Object, java.lang.Object)'> (0x00000007115883b0) 
thrown [s\src\hotspot\share\interpreter\linkResolver.cpp, line 759]
Event: 1.173 Thread 0x000001da0916d770 Exception <a 'java/lang/NoSuchMethodError'{0x000000071100b108}: 'void java.lang.invoke.DirectMethodHandle$Holder.invokeVirtual(java.lang.Object, java.lang.Object, java.lang.Object, java.lang.Object)'> (0x000000071100b108) 
thrown [s\src\hotspot\share\interpreter\linkResolver.cpp, line 759]

VM Operations (18 events):
Event: 0.154 Executing VM operation: HandshakeAllThreads
Event: 0.154 Executing VM operation: HandshakeAllThreads done
Event: 0.527 Executing VM operation: HandshakeAllThreads
Event: 0.527 Executing VM operation: HandshakeAllThreads done
Event: 0.576 Executing VM operation: HandshakeAllThreads
Event: 0.576 Executing VM operation: HandshakeAllThreads done
Event: 0.779 Executing VM operation: HandshakeAllThreads
Event: 0.779 Executing VM operation: HandshakeAllThreads done
Event: 0.925 Executing VM operation: G1CollectForAllocation
Event: 0.931 Executing VM operation: G1CollectForAllocation done
Event: 0.961 Executing VM operation: HandshakeAllThreads
Event: 0.961 Executing VM operation: HandshakeAllThreads done
Event: 0.976 Executing VM operation: HandshakeAllThreads
Event: 0.976 Executing VM operation: HandshakeAllThreads done
Event: 1.001 Executing VM operation: HandshakeAllThreads
Event: 1.001 Executing VM operation: HandshakeAllThreads done
Event: 1.103 Executing VM operation: HandshakeAllThreads
Event: 1.103 Executing VM operation: HandshakeAllThreads done

Events (20 events):
Event: 1.234 loading class java/time/format/FormatStyle
Event: 1.234 loading class java/time/format/FormatStyle done
Event: 1.234 loading class java/time/format/DateTimeFormatterBuilder$LocalizedPrinterParser
Event: 1.234 loading class java/time/format/DateTimeFormatterBuilder$LocalizedPrinterParser done
Event: 1.234 loading class java/time/format/DateTimeParseException
Event: 1.234 loading class java/time/DateTimeException
Event: 1.234 loading class java/time/DateTimeException done
Event: 1.235 loading class java/time/format/DateTimeParseException done
Event: 1.235 loading class java/time/OffsetTime
Event: 1.235 loading class java/time/OffsetTime done
Event: 1.236 loading class java/time/Year
Event: 1.237 loading class java/time/Year done
Event: 1.237 loading class java/time/YearMonth
Event: 1.237 loading class java/time/YearMonth done
Event: 1.238 loading class java/time/MonthDay
Event: 1.238 loading class java/time/MonthDay done
Event: 1.241 loading class sun/reflect/generics/tree/CharSignature
Event: 1.241 loading class sun/reflect/generics/tree/CharSignature done
Event: 1.241 loading class sun/reflect/generics/tree/ArrayTypeSignature
Event: 1.241 loading class sun/reflect/generics/tree/ArrayTypeSignature done


Dynamic libraries:
0x00007ff74ecc0000 - 0x00007ff74ecce000 	C:\Users\rosit\.p2\pool\plugins\org.eclipse.justj.openjdk.hotspot.jre.full.win32.x86_64_17.0.7.v20230425-1502\jre\bin\javaw.exe
0x00007ffb99630000 - 0x00007ffb99844000 	C:\WINDOWS\SYSTEM32\ntdll.dll
0x00007ffb81f70000 - 0x00007ffb81f89000 	C:\Program Files\Avast Software\Avast\aswhook.dll
0x00007ffb986b0000 - 0x00007ffb98772000 	C:\WINDOWS\System32\KERNEL32.DLL
0x00007ffb96fc0000 - 0x00007ffb97363000 	C:\WINDOWS\System32\KERNELBASE.dll
0x00007ffb96a30000 - 0x00007ffb96b41000 	C:\WINDOWS\System32\ucrtbase.dll
0x00007ffb8e190000 - 0x00007ffb8e1a7000 	C:\Users\rosit\.p2\pool\plugins\org.eclipse.justj.openjdk.hotspot.jre.full.win32.x86_64_17.0.7.v20230425-1502\jre\bin\jli.dll
0x00007ffb85160000 - 0x00007ffb85179000 	C:\Users\rosit\.p2\pool\plugins\org.eclipse.justj.openjdk.hotspot.jre.full.win32.x86_64_17.0.7.v20230425-1502\jre\bin\VCRUNTIME140.dll
0x00007ffb97e60000 - 0x00007ffb9800a000 	C:\WINDOWS\System32\USER32.dll
0x00007ffb96c70000 - 0x00007ffb96c96000 	C:\WINDOWS\System32\win32u.dll
0x00007ffb83850000 - 0x00007ffb83ade000 	C:\WINDOWS\WinSxS\amd64_microsoft.windows.common-controls_6595b64144ccf1df_6.0.22621.1635_none_270f70857386168e\COMCTL32.dll
0x00007ffb992c0000 - 0x00007ffb992e9000 	C:\WINDOWS\System32\GDI32.dll
0x00007ffb98010000 - 0x00007ffb980b7000 	C:\WINDOWS\System32\msvcrt.dll
0x00007ffb96b50000 - 0x00007ffb96c69000 	C:\WINDOWS\System32\gdi32full.dll
0x00007ffb97370000 - 0x00007ffb9740a000 	C:\WINDOWS\System32\msvcp_win.dll
0x00007ffb99530000 - 0x00007ffb99561000 	C:\WINDOWS\System32\IMM32.DLL
0x00007ffb8d660000 - 0x00007ffb8d66c000 	C:\Users\rosit\.p2\pool\plugins\org.eclipse.justj.openjdk.hotspot.jre.full.win32.x86_64_17.0.7.v20230425-1502\jre\bin\vcruntime140_1.dll
0x00007ffb561c0000 - 0x00007ffb56251000 	C:\Users\rosit\.p2\pool\plugins\org.eclipse.justj.openjdk.hotspot.jre.full.win32.x86_64_17.0.7.v20230425-1502\jre\bin\msvcp140.dll
0x00007ffaf5700000 - 0x00007ffaf6348000 	C:\Users\rosit\.p2\pool\plugins\org.eclipse.justj.openjdk.hotspot.jre.full.win32.x86_64_17.0.7.v20230425-1502\jre\bin\server\jvm.dll
0x00007ffb980c0000 - 0x00007ffb9816e000 	C:\WINDOWS\System32\ADVAPI32.dll
0x00007ffb987f0000 - 0x00007ffb98894000 	C:\WINDOWS\System32\sechost.dll
0x00007ffb97570000 - 0x00007ffb97687000 	C:\WINDOWS\System32\RPCRT4.dll
0x00007ffb89400000 - 0x00007ffb89409000 	C:\WINDOWS\SYSTEM32\WSOCK32.dll
0x00007ffb8f8c0000 - 0x00007ffb8f8f4000 	C:\WINDOWS\SYSTEM32\WINMM.dll
0x00007ffb8f800000 - 0x00007ffb8f80a000 	C:\WINDOWS\SYSTEM32\VERSION.dll
0x00007ffb99300000 - 0x00007ffb99371000 	C:\WINDOWS\System32\WS2_32.dll
0x00007ffb95b60000 - 0x00007ffb95b78000 	C:\WINDOWS\SYSTEM32\kernel.appcore.dll
0x00007ffb8fa50000 - 0x00007ffb8fa5a000 	C:\Users\rosit\.p2\pool\plugins\org.eclipse.justj.openjdk.hotspot.jre.full.win32.x86_64_17.0.7.v20230425-1502\jre\bin\jimage.dll
0x00007ffb94410000 - 0x00007ffb9463e000 	C:\WINDOWS\SYSTEM32\DBGHELP.DLL
0x00007ffb98320000 - 0x00007ffb986a9000 	C:\WINDOWS\System32\combase.dll
0x00007ffb98170000 - 0x00007ffb98247000 	C:\WINDOWS\System32\OLEAUT32.dll
0x00007ffb8e150000 - 0x00007ffb8e182000 	C:\WINDOWS\SYSTEM32\dbgcore.DLL
0x00007ffb96f40000 - 0x00007ffb96fba000 	C:\WINDOWS\System32\bcryptPrimitives.dll
0x00007ffb8d670000 - 0x00007ffb8d695000 	C:\Users\rosit\.p2\pool\plugins\org.eclipse.justj.openjdk.hotspot.jre.full.win32.x86_64_17.0.7.v20230425-1502\jre\bin\java.dll
0x00007ffb8d1a0000 - 0x00007ffb8d1b8000 	C:\Users\rosit\.p2\pool\plugins\org.eclipse.justj.openjdk.hotspot.jre.full.win32.x86_64_17.0.7.v20230425-1502\jre\bin\zip.dll
0x00007ffb98ac0000 - 0x00007ffb992b9000 	C:\WINDOWS\System32\SHELL32.dll
0x00007ffb94a30000 - 0x00007ffb952fe000 	C:\WINDOWS\SYSTEM32\windows.storage.dll
0x00007ffb948f0000 - 0x00007ffb94a2e000 	C:\WINDOWS\SYSTEM32\wintypes.dll
0x00007ffb97470000 - 0x00007ffb97561000 	C:\WINDOWS\System32\SHCORE.dll
0x00007ffb97410000 - 0x00007ffb9746e000 	C:\WINDOWS\System32\shlwapi.dll
0x00007ffb96960000 - 0x00007ffb96986000 	C:\WINDOWS\SYSTEM32\profapi.dll
0x00007ffb8ca40000 - 0x00007ffb8ca59000 	C:\Users\rosit\.p2\pool\plugins\org.eclipse.justj.openjdk.hotspot.jre.full.win32.x86_64_17.0.7.v20230425-1502\jre\bin\net.dll
0x00007ffb8f480000 - 0x00007ffb8f5b7000 	C:\WINDOWS\SYSTEM32\WINHTTP.dll
0x00007ffb95fe0000 - 0x00007ffb96049000 	C:\WINDOWS\system32\mswsock.dll
0x00007ffb8c740000 - 0x00007ffb8c755000 	C:\Users\rosit\.p2\pool\plugins\org.eclipse.justj.openjdk.hotspot.jre.full.win32.x86_64_17.0.7.v20230425-1502\jre\bin\nio.dll
0x00007ffb955d0000 - 0x00007ffb955fd000 	C:\WINDOWS\SYSTEM32\IPHLPAPI.DLL
0x00007ffb98300000 - 0x00007ffb98309000 	C:\WINDOWS\System32\NSI.dll
0x00007ffb8f810000 - 0x00007ffb8f829000 	C:\WINDOWS\SYSTEM32\dhcpcsvc6.DLL
0x00007ffb8f2d0000 - 0x00007ffb8f2ef000 	C:\WINDOWS\SYSTEM32\dhcpcsvc.DLL
0x00007ffb95600000 - 0x00007ffb956f3000 	C:\WINDOWS\SYSTEM32\DNSAPI.dll

dbghelp: loaded successfully - version: 4.0.5 - missing functions: none
symbol engine: initialized successfully - sym options: 0x614 - pdb path: .;C:\Users\rosit\.p2\pool\plugins\org.eclipse.justj.openjdk.hotspot.jre.full.win32.x86_64_17.0.7.v20230425-1502\jre\bin;C:\WINDOWS\SYSTEM32;C:\Program Files\Avast Software\Avast;C:\WINDOWS\WinSxS\amd64_microsoft.windows.common-controls_6595b64144ccf1df_6.0.22621.1635_none_270f70857386168e;C:\Users\rosit\.p2\pool\plugins\org.eclipse.justj.openjdk.hotspot.jre.full.win32.x86_64_17.0.7.v20230425-1502\jre\bin\server

VM Arguments:
jvm_args: -ea -Dfile.encoding=UTF-8 -XX:+ShowCodeDetailsInExceptionMessages 
java_command: org.eclipse.jdt.internal.junit.runner.RemoteTestRunner -version 3 -port 62004 -testLoaderClass org.eclipse.jdt.internal.junit5.runner.JUnit5TestLoader -loaderpluginname org.eclipse.jdt.junit5.runtime -classNames rositabongiovanni.java_W6_Day3.JavaW6Day3ApplicationTests
java_class_path (initial): D:\BE2023\Workspace\java_W6_Day3\target\test-classes;D:\BE2023\Workspace\java_W6_Day3\target\classes;C:\Users\rosit\.m2\repository\org\springframework\boot\spring-boot-starter-data-jpa\3.1.2\spring-boot-starter-data-jpa-3.1.2.jar;C:\Users\rosit\.m2\repository\org\springframework\boot\spring-boot-starter-aop\3.1.2\spring-boot-starter-aop-3.1.2.jar;C:\Users\rosit\.m2\repository\org\springframework\spring-aop\6.0.11\spring-aop-6.0.11.jar;C:\Users\rosit\.m2\repository\org\aspectj\aspectjweaver\1.9.19\aspectjweaver-1.9.19.jar;C:\Users\rosit\.m2\repository\org\springframework\boot\spring-boot-starter-jdbc\3.1.2\spring-boot-starter-jdbc-3.1.2.jar;C:\Users\rosit\.m2\repository\com\zaxxer\HikariCP\5.0.1\HikariCP-5.0.1.jar;C:\Users\rosit\.m2\repository\org\springframework\spring-jdbc\6.0.11\spring-jdbc-6.0.11.jar;C:\Users\rosit\.m2\repository\org\hibernate\orm\hibernate-core\6.2.6.Final\hibernate-core-6.2.6.Final.jar;C:\Users\rosit\.m2\repository\jakarta\persistence\jakarta.persistence-api\3.1.0\jakarta.persistence-api-3.1.0.jar;C:\Users\rosit\.m2\repository\jakarta\transaction\jakarta.transaction-api\2.0.1\jakarta.transaction-api-2.0.1.jar;C:\Users\rosit\.m2\repository\org\jboss\logging\jboss-logging\3.5.3.Final\jboss-logging-3.5.3.Final.jar;C:\Users\rosit\.m2\repository\org\hibernate\common\hibernate-commons-annotations\6.0.6.Final\hibernate-commons-annotations-6.0.6.Final.jar;C:\Users\rosit\.m2\repository\io\smallrye\jandex\3.0.5\jandex-3.0.5.jar;C:\Users\rosit\.m2\repository\com\fasterxml\classmate\1.5.1\classmate-1.5.1.jar;C:\Users\rosit\.m2\repository\net\bytebuddy\byte-buddy\1.14.5\byte-buddy-1.14.5.jar;C:\Users\rosit\.m2\repository\org\glassfish\jaxb\jaxb-runtime\4.0.3\jaxb-runtime-4.0.3.jar;C:\Users\rosit\.m2\repository\org\glassfish\jaxb\jaxb-core\4.0.3\jaxb-core-4.0.3.jar;C:\Users\rosit\.m2\repository\org\eclipse\angus\angus-activation\2.0.1\angus-activation-2.0.1.jar;C:\Users\rosit\.m2\repository\org\glassfish\jaxb\txw2\4.0.3\txw2-4.0.
Launcher Type: SUN_STANDARD

[Global flags]
     intx CICompilerCount                          = 4                                         {product} {ergonomic}
     uint ConcGCThreads                            = 3                                         {product} {ergonomic}
     uint G1ConcRefinementThreads                  = 10                                        {product} {ergonomic}
   size_t G1HeapRegionSize                         = 2097152                                   {product} {ergonomic}
    uintx GCDrainStackTargetSize                   = 64                                        {product} {ergonomic}
   size_t InitialHeapSize                          = 268435456                                 {product} {ergonomic}
   size_t MarkStackSize                            = 4194304                                   {product} {ergonomic}
   size_t MaxHeapSize                              = 4263510016                                {product} {ergonomic}
   size_t MaxNewSize                               = 2556428288                                {product} {ergonomic}
   size_t MinHeapDeltaBytes                        = 2097152                                   {product} {ergonomic}
   size_t MinHeapSize                              = 8388608                                   {product} {ergonomic}
    uintx NonNMethodCodeHeapSize                   = 5839372                                {pd product} {ergonomic}
    uintx NonProfiledCodeHeapSize                  = 122909434                              {pd product} {ergonomic}
    uintx ProfiledCodeHeapSize                     = 122909434                              {pd product} {ergonomic}
    uintx ReservedCodeCacheSize                    = 251658240                              {pd product} {ergonomic}
     bool SegmentedCodeCache                       = true                                      {product} {ergonomic}
     bool ShowCodeDetailsInExceptionMessages       = true                                   {manageable} {command line}
   size_t SoftMaxHeapSize                          = 4263510016                             {manageable} {ergonomic}
     bool UseCompressedClassPointers               = true                           {product lp64_product} {ergonomic}
     bool UseCompressedOops                        = true                           {product lp64_product} {ergonomic}
     bool UseG1GC                                  = true                                      {product} {ergonomic}
     bool UseLargePagesIndividualAllocation        = false                                  {pd product} {ergonomic}

Logging:
Log output configuration:
 #0: stdout all=warning uptime,level,tags
 #1: stderr all=off uptime,level,tags

Environment Variables:
JAVA_HOME=C:\Program Files\Eclipse Adoptium\jdk-17.0.7.7-hotspot\
PATH=C:/Users/rosit/.p2/pool/plugins/org.eclipse.justj.openjdk.hotspot.jre.full.win32.x86_64_17.0.7.v20230425-1502/jre/bin/server;C:/Users/rosit/.p2/pool/plugins/org.eclipse.justj.openjdk.hotspot.jre.full.win32.x86_64_17.0.7.v20230425-1502/jre/bin;C:\Program Files\Common Files\Oracle\Java\javapath;C:\Program Files\Eclipse Adoptium\jdk-17.0.7.7-hotspot\bin;C:\Program Files (x86)\Common Files\Oracle\Java\javapath;C:\Python311\Scripts\;C:\Python311\;C:\Windows\system32;C:\Windows;C:\Windows\System32\Wbem;C:\Windows\System32\WindowsPowerShell\v1.0\;C:\Windows\System32\OpenSSH\;C:\Program Files (x86)\NVIDIA Corporation\PhysX\Common;C:\Program Files\NVIDIA Corporation\NVIDIA NvDLISR;C:\WINDOWS\system32;C:\WINDOWS;C:\WINDOWS\System32\Wbem;C:\WINDOWS\System32\WindowsPowerShell\v1.0\;C:\WINDOWS\System32\OpenSSH\;C:\Program Files\dotnet\;C:\Program Files\Git\cmd;C:\Program Files\nodejs\;C:\ProgramData\chocolatey\bin;C:\Program Files\Calibre2\;D:\Program Files\Calibre2\;C:\Users\rosit\AppData\Local\Microsoft\WindowsApps;C:\Users\rosit\AppData\Local\GitHubDesktop\bin;C:\Users\rosit\AppData\Local\Programs\Microsoft VS Code\bin;C:\Users\rosit\AppData\Roaming\npm;D:\Programmi\eclipse;
USERNAME=rosit
OS=Windows_NT
PROCESSOR_IDENTIFIER=Intel64 Family 6 Model 158 Stepping 10, GenuineIntel
TMP=C:\Users\rosit\AppData\Local\Temp
TEMP=C:\Users\rosit\AppData\Local\Temp



---------------  S Y S T E M  ---------------

OS:
 Windows 11 , 64 bit Build 22621 (10.0.22621.1928)
OS uptime: 16 days 2:55 hours

CPU: total 12 (initial active 12) (6 cores per cpu, 2 threads per core) family 6 model 158 stepping 10 microcode 0xde, cx8, cmov, fxsr, ht, mmx, 3dnowpref, sse, sse2, sse3, ssse3, sse4.1, sse4.2, popcnt, lzcnt, tsc, tscinvbit, avx, avx2, aes, erms, clmul, bmi1, bmi2, adx, fma, vzeroupper, clflush, clflushopt

Memory: 4k page, system-wide physical 16263M (403M free)
TotalPageFile size 46628M (AvailPageFile size 4M)
current process WorkingSet (physical memory assigned to process): 99M, peak: 99M
current process commit charge ("private bytes"): 376M, peak: 376M

vm_info: OpenJDK 64-Bit Server VM (17.0.7+7) for windows-amd64 JRE (17.0.7+7), built on Apr 18 2023 22:10:42 by "temurin" with MS VC++ 16.7 (VS2019)

END.
